[18:58:23] [main/INFO]: Setting user: ForgeDevName
[18:58:23] [Client thread/INFO]: LWJGL Version: 2.9.0
[18:58:27] [Client thread/INFO]: Reloading ResourceManager: Default, FMLFileResourcePack:Forge Mod Loader, FMLFileResourcePack:Minecraft Forge, FMLFileResourcePack:My rocket  for Galacticraft
[18:58:27] [Client thread/ERROR]: Using missing texture, unable to load myrocket:textures/blocks/scanner.png
java.io.FileNotFoundException: myrocket:textures/blocks/scanner.png
	at net.minecraft.client.resources.FallbackResourceManager.getResource(FallbackResourceManager.java:65) ~[FallbackResourceManager.class:?]
	at net.minecraft.client.resources.SimpleReloadableResourceManager.getResource(SimpleReloadableResourceManager.java:67) ~[SimpleReloadableResourceManager.class:?]
	at net.minecraft.client.renderer.texture.TextureMap.loadTextureAtlas(TextureMap.java:126) [TextureMap.class:?]
	at net.minecraft.client.renderer.texture.TextureMap.loadTexture(TextureMap.java:91) [TextureMap.class:?]
	at net.minecraft.client.renderer.texture.TextureManager.loadTexture(TextureManager.java:89) [TextureManager.class:?]
	at net.minecraft.client.renderer.texture.TextureManager.loadTickableTexture(TextureManager.java:71) [TextureManager.class:?]
	at net.minecraft.client.renderer.texture.TextureManager.loadTextureMap(TextureManager.java:58) [TextureManager.class:?]
	at net.minecraft.client.Minecraft.startGame(Minecraft.java:581) [Minecraft.class:?]
	at net.minecraft.client.Minecraft.run(Minecraft.java:892) [Minecraft.class:?]
	at net.minecraft.client.main.Main.main(Main.java:112) [Main.class:?]
	at sun.reflect.NativeMethodAccessorImpl.invoke0(Native Method) ~[?:1.6.0_39]
	at sun.reflect.NativeMethodAccessorImpl.invoke(NativeMethodAccessorImpl.java:39) ~[?:1.6.0_39]
	at sun.reflect.DelegatingMethodAccessorImpl.invoke(DelegatingMethodAccessorImpl.java:25) ~[?:1.6.0_39]
	at java.lang.reflect.Method.invoke(Method.java:597) ~[?:1.6.0_39]
	at net.minecraft.launchwrapper.Launch.launch(Launch.java:134) [launchwrapper-1.9.jar:?]
	at net.minecraft.launchwrapper.Launch.main(Launch.java:28) [launchwrapper-1.9.jar:?]
	at sun.reflect.NativeMethodAccessorImpl.invoke0(Native Method) ~[?:1.6.0_39]
	at sun.reflect.NativeMethodAccessorImpl.invoke(NativeMethodAccessorImpl.java:39) ~[?:1.6.0_39]
	at sun.reflect.DelegatingMethodAccessorImpl.invoke(DelegatingMethodAccessorImpl.java:25) ~[?:1.6.0_39]
	at java.lang.reflect.Method.invoke(Method.java:597) ~[?:1.6.0_39]
	at GradleStart.bounce(GradleStart.java:95) [start/:?]
	at GradleStart.startClient(GradleStart.java:88) [start/:?]
	at GradleStart.main(GradleStart.java:56) [start/:?]
	at sun.reflect.NativeMethodAccessorImpl.invoke0(Native Method) ~[?:1.6.0_39]
	at sun.reflect.NativeMethodAccessorImpl.invoke(NativeMethodAccessorImpl.java:39) ~[?:1.6.0_39]
	at sun.reflect.DelegatingMethodAccessorImpl.invoke(DelegatingMethodAccessorImpl.java:25) ~[?:1.6.0_39]
	at java.lang.reflect.Method.invoke(Method.java:597) ~[?:1.6.0_39]
	at com.intellij.rt.execution.application.AppMain.main(AppMain.java:134) [idea_rt.jar:?]
[18:58:27] [Client thread/INFO]: Created: 512x256 textures/blocks-atlas
[18:58:27] [Client thread/INFO]: Created: 256x256 textures/items-atlas
[18:58:27] [Sound Library Loader/INFO]: Sound engine started
[18:58:27] [Client thread/INFO]: Reloading ResourceManager: Default, FMLFileResourcePack:Forge Mod Loader, FMLFileResourcePack:Minecraft Forge, FMLFileResourcePack:My rocket  for Galacticraft
[18:58:27] [Client thread/INFO]: Created: 256x256 textures/items-atlas
[18:58:27] [Client thread/ERROR]: Using missing texture, unable to load myrocket:textures/blocks/scanner.png
java.io.FileNotFoundException: myrocket:textures/blocks/scanner.png
	at net.minecraft.client.resources.FallbackResourceManager.getResource(FallbackResourceManager.java:65) ~[FallbackResourceManager.class:?]
	at net.minecraft.client.resources.SimpleReloadableResourceManager.getResource(SimpleReloadableResourceManager.java:67) ~[SimpleReloadableResourceManager.class:?]
	at net.minecraft.client.renderer.texture.TextureMap.loadTextureAtlas(TextureMap.java:126) [TextureMap.class:?]
	at net.minecraft.client.renderer.texture.TextureMap.loadTexture(TextureMap.java:91) [TextureMap.class:?]
	at net.minecraft.client.renderer.texture.TextureManager.loadTexture(TextureManager.java:89) [TextureManager.class:?]
	at net.minecraft.client.renderer.texture.TextureManager.onResourceManagerReload(TextureManager.java:170) [TextureManager.class:?]
	at net.minecraft.client.resources.SimpleReloadableResourceManager.notifyReloadListeners(SimpleReloadableResourceManager.java:134) [SimpleReloadableResourceManager.class:?]
	at net.minecraft.client.resources.SimpleReloadableResourceManager.reloadResources(SimpleReloadableResourceManager.java:118) [SimpleReloadableResourceManager.class:?]
	at net.minecraft.client.Minecraft.refreshResources(Minecraft.java:626) [Minecraft.class:?]
	at cpw.mods.fml.client.FMLClientHandler.finishMinecraftLoading(FMLClientHandler.java:303) [FMLClientHandler.class:?]
	at net.minecraft.client.Minecraft.startGame(Minecraft.java:585) [Minecraft.class:?]
	at net.minecraft.client.Minecraft.run(Minecraft.java:892) [Minecraft.class:?]
	at net.minecraft.client.main.Main.main(Main.java:112) [Main.class:?]
	at sun.reflect.NativeMethodAccessorImpl.invoke0(Native Method) ~[?:1.6.0_39]
	at sun.reflect.NativeMethodAccessorImpl.invoke(NativeMethodAccessorImpl.java:39) ~[?:1.6.0_39]
	at sun.reflect.DelegatingMethodAccessorImpl.invoke(DelegatingMethodAccessorImpl.java:25) ~[?:1.6.0_39]
	at java.lang.reflect.Method.invoke(Method.java:597) ~[?:1.6.0_39]
	at net.minecraft.launchwrapper.Launch.launch(Launch.java:134) [launchwrapper-1.9.jar:?]
	at net.minecraft.launchwrapper.Launch.main(Launch.java:28) [launchwrapper-1.9.jar:?]
	at sun.reflect.NativeMethodAccessorImpl.invoke0(Native Method) ~[?:1.6.0_39]
	at sun.reflect.NativeMethodAccessorImpl.invoke(NativeMethodAccessorImpl.java:39) ~[?:1.6.0_39]
	at sun.reflect.DelegatingMethodAccessorImpl.invoke(DelegatingMethodAccessorImpl.java:25) ~[?:1.6.0_39]
	at java.lang.reflect.Method.invoke(Method.java:597) ~[?:1.6.0_39]
	at GradleStart.bounce(GradleStart.java:95) [start/:?]
	at GradleStart.startClient(GradleStart.java:88) [start/:?]
	at GradleStart.main(GradleStart.java:56) [start/:?]
	at sun.reflect.NativeMethodAccessorImpl.invoke0(Native Method) ~[?:1.6.0_39]
	at sun.reflect.NativeMethodAccessorImpl.invoke(NativeMethodAccessorImpl.java:39) ~[?:1.6.0_39]
	at sun.reflect.DelegatingMethodAccessorImpl.invoke(DelegatingMethodAccessorImpl.java:25) ~[?:1.6.0_39]
	at java.lang.reflect.Method.invoke(Method.java:597) ~[?:1.6.0_39]
	at com.intellij.rt.execution.application.AppMain.main(AppMain.java:134) [idea_rt.jar:?]
[18:58:28] [Client thread/INFO]: Created: 512x256 textures/blocks-atlas
[18:58:28] [Sound Library Loader/INFO]: Sound engine started
[18:58:32] [MCO Availability Checker #1/ERROR]: Couldn't connect to Realms
[18:58:50] [Client thread/INFO]: Reloading ResourceManager: Default, FMLFileResourcePack:Forge Mod Loader, FMLFileResourcePack:Minecraft Forge, FMLFileResourcePack:My rocket  for Galacticraft
[18:58:50] [Client thread/ERROR]: Using missing texture, unable to load myrocket:textures/blocks/scanner.png
java.io.FileNotFoundException: myrocket:textures/blocks/scanner.png
	at net.minecraft.client.resources.FallbackResourceManager.getResource(FallbackResourceManager.java:65) ~[FallbackResourceManager.class:?]
	at net.minecraft.client.resources.SimpleReloadableResourceManager.getResource(SimpleReloadableResourceManager.java:67) ~[SimpleReloadableResourceManager.class:?]
	at net.minecraft.client.renderer.texture.TextureMap.loadTextureAtlas(TextureMap.java:126) [TextureMap.class:?]
	at net.minecraft.client.renderer.texture.TextureMap.loadTexture(TextureMap.java:91) [TextureMap.class:?]
	at net.minecraft.client.renderer.texture.TextureManager.loadTexture(TextureManager.java:89) [TextureManager.class:?]
	at net.minecraft.client.renderer.texture.TextureManager.onResourceManagerReload(TextureManager.java:170) [TextureManager.class:?]
	at net.minecraft.client.resources.SimpleReloadableResourceManager.notifyReloadListeners(SimpleReloadableResourceManager.java:134) [SimpleReloadableResourceManager.class:?]
	at net.minecraft.client.resources.SimpleReloadableResourceManager.reloadResources(SimpleReloadableResourceManager.java:118) [SimpleReloadableResourceManager.class:?]
	at net.minecraft.client.Minecraft.refreshResources(Minecraft.java:626) [Minecraft.class:?]
	at net.minecraft.client.gui.GuiLanguage$List.elementClicked(GuiLanguage.java:113) [GuiLanguage$List.class:?]
	at net.minecraft.client.gui.GuiSlot.drawScreen(GuiSlot.java:253) [GuiSlot.class:?]
	at net.minecraft.client.gui.GuiLanguage.drawScreen(GuiLanguage.java:74) [GuiLanguage.class:?]
	at net.minecraft.client.renderer.EntityRenderer.updateCameraAndRender(EntityRenderer.java:1145) [EntityRenderer.class:?]
	at net.minecraft.client.Minecraft.runGameLoop(Minecraft.java:1025) [Minecraft.class:?]
	at net.minecraft.client.Minecraft.run(Minecraft.java:912) [Minecraft.class:?]
	at net.minecraft.client.main.Main.main(Main.java:112) [Main.class:?]
	at sun.reflect.NativeMethodAccessorImpl.invoke0(Native Method) ~[?:1.6.0_39]
	at sun.reflect.NativeMethodAccessorImpl.invoke(NativeMethodAccessorImpl.java:39) ~[?:1.6.0_39]
	at sun.reflect.DelegatingMethodAccessorImpl.invoke(DelegatingMethodAccessorImpl.java:25) ~[?:1.6.0_39]
	at java.lang.reflect.Method.invoke(Method.java:597) ~[?:1.6.0_39]
	at net.minecraft.launchwrapper.Launch.launch(Launch.java:134) [launchwrapper-1.9.jar:?]
	at net.minecraft.launchwrapper.Launch.main(Launch.java:28) [launchwrapper-1.9.jar:?]
	at sun.reflect.NativeMethodAccessorImpl.invoke0(Native Method) ~[?:1.6.0_39]
	at sun.reflect.NativeMethodAccessorImpl.invoke(NativeMethodAccessorImpl.java:39) ~[?:1.6.0_39]
	at sun.reflect.DelegatingMethodAccessorImpl.invoke(DelegatingMethodAccessorImpl.java:25) ~[?:1.6.0_39]
	at java.lang.reflect.Method.invoke(Method.java:597) ~[?:1.6.0_39]
	at GradleStart.bounce(GradleStart.java:95) [start/:?]
	at GradleStart.startClient(GradleStart.java:88) [start/:?]
	at GradleStart.main(GradleStart.java:56) [start/:?]
	at sun.reflect.NativeMethodAccessorImpl.invoke0(Native Method) ~[?:1.6.0_39]
	at sun.reflect.NativeMethodAccessorImpl.invoke(NativeMethodAccessorImpl.java:39) ~[?:1.6.0_39]
	at sun.reflect.DelegatingMethodAccessorImpl.invoke(DelegatingMethodAccessorImpl.java:25) ~[?:1.6.0_39]
	at java.lang.reflect.Method.invoke(Method.java:597) ~[?:1.6.0_39]
	at com.intellij.rt.execution.application.AppMain.main(AppMain.java:134) [idea_rt.jar:?]
[18:58:51] [Client thread/INFO]: Created: 512x256 textures/blocks-atlas
[18:58:51] [Client thread/INFO]: Created: 256x256 textures/items-atlas
[18:58:52] [Sound Library Loader/INFO]: Sound engine started
[18:58:57] [Server thread/INFO]: Starting integrated minecraft server version 1.7.2
[18:58:57] [Server thread/INFO]: Generating keypair
[18:58:57] [Server thread/INFO]: Preparing start region for level 0
[18:58:58] [Server thread/INFO]: ForgeDevName[local:E:77ac1d8c] logged in with entity id 174 at (-386.6354453787206, 4.0, -1319.0232830763116)
[18:58:58] [Server thread/INFO]: ForgeDevName joined the game
[18:59:03] [Server thread/INFO]: Saving and pausing game...
[18:59:03] [Server thread/INFO]: Saving chunks for level 'New World'/Overworld
[18:59:03] [Server thread/INFO]: Saving chunks for level 'New World'/Nether
[18:59:03] [Server thread/INFO]: Saving chunks for level 'New World'/The End
[18:59:05] [Server thread/INFO]: Stopping server
[18:59:05] [Server thread/INFO]: Saving players
[18:59:05] [Server thread/INFO]: Saving worlds
[18:59:05] [Server thread/INFO]: Saving chunks for level 'New World'/Overworld
[18:59:05] [Server thread/INFO]: Saving chunks for level 'New World'/Nether
[18:59:05] [Server thread/INFO]: Saving chunks for level 'New World'/The End
[18:59:21] [Server thread/INFO]: Starting integrated minecraft server version 1.7.2
[18:59:21] [Server thread/INFO]: Generating keypair
[18:59:21] [Server thread/INFO]: Preparing start region for level 0
[18:59:22] [Server thread/INFO]: ForgeDevName[local:E:ed09e0d7] logged in with entity id 19148 at (-386.6354453787206, 4.0, -1319.0232830763116)
[18:59:22] [Server thread/INFO]: ForgeDevName joined the game
[18:59:24] [Server thread/INFO]: Saving and pausing game...
[18:59:24] [Server thread/INFO]: Saving chunks for level 'New World'/Overworld
[18:59:24] [Server thread/INFO]: Saving chunks for level 'New World'/Nether
[18:59:24] [Server thread/INFO]: Saving chunks for level 'New World'/The End
[18:59:25] [Server thread/INFO]: Stopping server
[18:59:25] [Server thread/INFO]: Saving players
[18:59:25] [Server thread/INFO]: Saving worlds
[18:59:25] [Server thread/INFO]: Saving chunks for level 'New World'/Overworld
[18:59:25] [Server thread/INFO]: Saving chunks for level 'New World'/Nether
[18:59:25] [Server thread/INFO]: Saving chunks for level 'New World'/The End
