[20:57:51] [main/INFO]: Setting user: ForgeDevName
[20:57:51] [Client thread/INFO]: LWJGL Version: 2.9.0
[20:57:54] [Client thread/INFO]: Reloading ResourceManager: Default, FMLFileResourcePack:Forge Mod Loader, FMLFileResourcePack:Minecraft Forge, FMLFileResourcePack:My rocket  for Galacticraft
[20:57:55] [Client thread/INFO]: Created: 512x256 textures/blocks-atlas
[20:57:55] [Sound Library Loader/INFO]: Sound engine started
[20:57:55] [Client thread/INFO]: Created: 256x256 textures/items-atlas
[20:57:55] [Client thread/INFO]: Reloading ResourceManager: Default, FMLFileResourcePack:Forge Mod Loader, FMLFileResourcePack:Minecraft Forge, FMLFileResourcePack:My rocket  for Galacticraft
[20:57:55] [Client thread/INFO]: Created: 256x256 textures/items-atlas
[20:57:56] [Client thread/INFO]: Created: 512x256 textures/blocks-atlas
[20:57:56] [Sound Library Loader/INFO]: Sound engine started
[20:57:57] [MCO Availability Checker #1/ERROR]: Couldn't connect to Realms
[20:57:59] [Server thread/INFO]: Starting integrated minecraft server version 1.7.2
[20:57:59] [Server thread/INFO]: Generating keypair
[20:57:59] [Server thread/INFO]: Preparing start region for level 0
[20:58:00] [Server thread/INFO]: ForgeDevName[local:E:8e368ee7] logged in with entity id 171 at (-372.717331510476, 4.0, -1317.5278342241575)
[20:58:00] [Server thread/INFO]: ForgeDevName joined the game
[20:58:34] [Server thread/INFO]: Saving and pausing game...
[20:58:34] [Server thread/INFO]: Saving chunks for level 'New World'/Overworld
[20:58:34] [Server thread/INFO]: Saving chunks for level 'New World'/Nether
[20:58:34] [Server thread/INFO]: Saving chunks for level 'New World'/The End
[20:58:35] [Server thread/INFO]: Stopping server
[20:58:35] [Server thread/INFO]: Saving players
[20:58:35] [Server thread/INFO]: Saving worlds
[20:58:35] [Server thread/INFO]: Saving chunks for level 'New World'/Overworld
[20:58:35] [Server thread/INFO]: Saving chunks for level 'New World'/Nether
[20:58:35] [Server thread/INFO]: Saving chunks for level 'New World'/The End
[20:58:36] [Client thread/INFO]: Stopping!
